Builds/launcher/build/outputs/logs/manifest-merger-debug-report.txt
-- Merging decision tree log ---
manifest
ADDED from src\main\AndroidManifest.xml:2:1-16:12
INJECTED from src\main\AndroidManifest.xml:2:1-16:12
INJECTED from src\main\AndroidManifest.xml:2:1-16:12
INJECTED from src\main\AndroidManifest.xml:2:1-16:12
MERGED from [:unityLibrary] AndroidManifest.xml:3:1-84:12
MERGED from [:OVRPlugin:] AndroidManifest.xml:2:1-9:12
INJECTED from src\main\AndroidManifest.xml:2:1-16:12
INJECTED from src\main\AndroidManifest.xml:2:1-16:12
INJECTED from src\main\AndroidManifest.xml:2:1-16:12
	package
		ADDED from src\main\AndroidManifest.xml:3:5-54
		INJECTED from src\main\AndroidManifest.xml
		INJECTED from src\main\AndroidManifest.xml
	android:versionName
		INJECTED from src\main\AndroidManifest.xml
		ADDED from src\main\AndroidManifest.xml:2:1-16:12
		INJECTED from src\main\AndroidManifest.xml
	android:versionCode
		INJECTED from src\main\AndroidManifest.xml
		ADDED from src\main\AndroidManifest.xml:2:1-16:12
		INJECTED from src\main\AndroidManifest.xml
	xmlns:android
		ADDED from src\main\AndroidManifest.xml:2:11-69
	android:installLocation
		ADDED from src\main\AndroidManifest.xml:4:5-45
supports-screens
ADDED from src\main\AndroidManifest.xml:6:5-11:40
	android:largeScreens
		ADDED from src\main\AndroidManifest.xml:8:9-36
	android:smallScreens
		ADDED from src\main\AndroidManifest.xml:10:9-36
	android:normalScreens
		ADDED from src\main\AndroidManifest.xml:9:9-37
	android:xlargeScreens
		ADDED from src\main\AndroidManifest.xml:11:9-37
	android:anyDensity
		ADDED from src\main\AndroidManifest.xml:7:9-34
application
ADDED from src\main\AndroidManifest.xml:13:5-15:44
MERGED from [:unityLibrary] AndroidManifest.xml:31:5-82:19
MERGED from [:unityLibrary] AndroidManifest.xml:31:5-82:19
MERGED from [:OVRPlugin:] AndroidManifest.xml:4:3-6:17
MERGED from [:OVRPlugin:] AndroidManifest.xml:4:3-6:17
	android:label
		ADDED from src\main\AndroidManifest.xml:15:9-41
	android:icon
		ADDED from src\main\AndroidManifest.xml:14:9-40
uses-sdk
INJECTED from src\main\AndroidManifest.xml reason: use-sdk injection requested
INJECTED from src\main\AndroidManifest.xml
INJECTED from src\main\AndroidManifest.xml
MERGED from [:unityLibrary] AndroidManifest.xml:10:5-12:41
MERGED from [:unityLibrary] AndroidManifest.xml:10:5-12:41
MERGED from [:OVRPlugin:] AndroidManifest.xml:3:3-45
MERGED from [:OVRPlugin:] AndroidManifest.xml:3:3-45
INJECTED from src\main\AndroidManifest.xml
INJECTED from src\main\AndroidManifest.xml
	android:targetSdkVersion
		INJECTED from src\main\AndroidManifest.xml
		ADDED from src\main\AndroidManifest.xml
		INJECTED from src\main\AndroidManifest.xml
	android:minSdkVersion
		INJECTED from src\main\AndroidManifest.xml
		ADDED from src\main\AndroidManifest.xml
		MERGED from src\main\AndroidManifest.xml
		INJECTED from src\main\AndroidManifest.xml
uses-permission#android.permission.RECEIVE_BOOT_COMPLETED
ADDED from [:unityLibrary] AndroidManifest.xml:14:5-81
	android:name
		ADDED from [:unityLibrary] AndroidManifest.xml:14:22-78
uses-feature#0x00030000
ADDED from [:unityLibrary] AndroidManifest.xml:16:5-54
	android:glEsVersion
		ADDED from [:unityLibrary] AndroidManifest.xml:16:19-51
uses-feature#android.hardware.touchscreen
ADDED from [:unityLibrary] AndroidManifest.xml:17:5-19:36
	android:required
		ADDED from [:unityLibrary] AndroidManifest.xml:19:9-33
	android:name
		ADDED from [:unityLibrary] AndroidManifest.xml:18:9-52
uses-feature#android.hardware.touchscreen.multitouch
ADDED from [:unityLibrary] AndroidManifest.xml:20:5-22:36
	android:required
		ADDED from [:unityLibrary] AndroidManifest.xml:22:9-33
	android:name
		ADDED from [:unityLibrary] AndroidManifest.xml:21:9-63
uses-feature#android.hardware.touchscreen.multitouch.distinct
ADDED from [:unityLibrary] AndroidManifest.xml:23:5-25:36
	android:required
		ADDED from [:unityLibrary] AndroidManifest.xml:25:9-33
	android:name
		ADDED from [:unityLibrary] AndroidManifest.xml:24:9-72
uses-feature#android.hardware.vr.headtracking
ADDED from [:unityLibrary] AndroidManifest.xml:26:5-29:31
	android:version
		ADDED from [:unityLibrary] AndroidManifest.xml:29:9-28
	android:required
		ADDED from [:unityLibrary] AndroidManifest.xml:28:9-32
	android:name
		ADDED from [:unityLibrary] AndroidManifest.xml:27:9-56
activity#com.unity3d.player.UnityPlayerActivity
ADDED from [:unityLibrary] AndroidManifest.xml:32:9-52:20
	android:screenOrientation
		ADDED from [:unityLibrary] AndroidManifest.xml:38:13-50
	android:launchMode
		ADDED from [:unityLibrary] AndroidManifest.xml:36:13-44
	android:hardwareAccelerated
		ADDED from [:unityLibrary] AndroidManifest.xml:35:13-48
	android:resizeableActivity
		ADDED from [:unityLibrary] AndroidManifest.xml:37:13-47
	android:configChanges
		ADDED from [:unityLibrary] AndroidManifest.xml:34:13-122
	android:theme
		ADDED from [:unityLibrary] AndroidManifest.xml:39:13-77
	android:name
		ADDED from [:unityLibrary] AndroidManifest.xml:33:13-66
intent-filter#action:name:android.intent.action.MAIN+category:name:android.intent.category.LAUNCHER
ADDED from [:unityLibrary] AndroidManifest.xml:40:13-44:29
action#android.intent.action.MAIN
ADDED from [:unityLibrary] AndroidManifest.xml:41:17-69
	android:name
		ADDED from [:unityLibrary] AndroidManifest.xml:41:25-66
category#android.intent.category.LAUNCHER
ADDED from [:unityLibrary] AndroidManifest.xml:43:17-77
	android:name
		ADDED from [:unityLibrary] AndroidManifest.xml:43:27-74
meta-data#unityplayer.UnityActivity
ADDED from [:unityLibrary] AndroidManifest.xml:46:13-48:40
	android:value
		ADDED from [:unityLibrary] AndroidManifest.xml:48:17-37
	android:name
		ADDED from [:unityLibrary] AndroidManifest.xml:47:17-57
meta-data#android.notch_support
ADDED from [:unityLibrary] AndroidManifest.xml:49:13-51:40
	android:value
		ADDED from [:unityLibrary] AndroidManifest.xml:51:17-37
	android:name
		ADDED from [:unityLibrary] AndroidManifest.xml:50:17-53
receiver#com.unity3d.player.CustomReceiver
ADDED from [:unityLibrary] AndroidManifest.xml:54:9-65:20
	android:enabled
		ADDED from [:unityLibrary] AndroidManifest.xml:56:13-35
	android:exported
		ADDED from [:unityLibrary] AndroidManifest.xml:57:13-36
	android:permission
		ADDED from [:unityLibrary] AndroidManifest.xml:58:13-75
	android:name
		ADDED from [:unityLibrary] AndroidManifest.xml:55:13-61
intent-filter#action:name:android.intent.action.BOOT_COMPLETED+action:name:android.intent.action.QUICKBOOT_POWERON+category:name:android.intent.category.DEFAULT
ADDED from [:unityLibrary] AndroidManifest.xml:59:13-64:29
action#android.intent.action.BOOT_COMPLETED
ADDED from [:unityLibrary] AndroidManifest.xml:60:17-79
	android:name
		ADDED from [:unityLibrary] AndroidManifest.xml:60:25-76
action#android.intent.action.QUICKBOOT_POWERON
ADDED from [:unityLibrary] AndroidManifest.xml:61:17-82
	android:name
		ADDED from [:unityLibrary] AndroidManifest.xml:61:25-79
category#android.intent.category.DEFAULT
ADDED from [:unityLibrary] AndroidManifest.xml:63:17-76
	android:name
		ADDED from [:unityLibrary] AndroidManifest.xml:63:27-73
meta-data#unity.splash-mode
ADDED from [:unityLibrary] AndroidManifest.xml:67:9-69:33
	android:value
		ADDED from [:unityLibrary] AndroidManifest.xml:69:13-30
	android:name
		ADDED from [:unityLibrary] AndroidManifest.xml:68:13-45
meta-data#unity.splash-enable
ADDED from [:unityLibrary] AndroidManifest.xml:70:9-72:37
	android:value
		ADDED from [:unityLibrary] AndroidManifest.xml:72:13-34
	android:name
		ADDED from [:unityLibrary] AndroidManifest.xml:71:13-47
meta-data#notch.config
ADDED from [:unityLibrary] AndroidManifest.xml:73:9-75:50
	android:value
		ADDED from [:unityLibrary] AndroidManifest.xml:75:13-47
	android:name
		ADDED from [:unityLibrary] AndroidManifest.xml:74:13-40
meta-data#unity.build-id
ADDED from [:unityLibrary] AndroidManifest.xml:76:9-78:68
	android:value
		ADDED from [:unityLibrary] AndroidManifest.xml:78:13-65
	android:name
		ADDED from [:unityLibrary] AndroidManifest.xml:77:13-42
meta-data#com.samsung.android.vr.application.mode
ADDED from [:unityLibrary] AndroidManifest.xml:79:9-81:39
MERGED from [:OVRPlugin:] AndroidManifest.xml:5:5-96
MERGED from [:OVRPlugin:] AndroidManifest.xml:5:5-96
	android:value
		ADDED from [:unityLibrary] AndroidManifest.xml:81:13-36
	android:name
		ADDED from [:unityLibrary] AndroidManifest.xml:80:13-67
uses-permission#android.permission.INTERNET
ADDED from [:OVRPlugin:] AndroidManifest.xml:7:3-65
	android:name
		ADDED from [:OVRPlugin:] AndroidManifest.xml:7:20-62
uses-permission#android.permission.WAKE_LOCK
ADDED from [:OVRPlugin:] AndroidManifest.xml:8:3-66
	android:name
		ADDED from [:OVRPlugin:] AndroidManifest.xml:8:20-63